<?xml version="1.0" encoding="UTF-8"?>
<!-- Generated by org.testng.reporters.JUnitReportReporter -->
<testsuite skipped="0" hostname="PMCLAP1257" name="Selenium4.Selenium4.testScenario1" tests="3" failures="0" timestamp="26 Nov 2020 14:27:20 GMT" time="12.448" errors="0">
  <testcase name="scenario3" time="4.793" classname="Selenium4.Selenium4.testScenario1"/>
  <testcase name="scenario1" time="4.260" classname="Selenium4.Selenium4.testScenario1"/>
  <testcase name="scenario4" time="3.395" classname="Selenium4.Selenium4.testScenario1"/>
</testsuite> <!-- Selenium4.Selenium4.testScenario1 -->
